0 info it worked if it ends with ok
1 verbose cli [ '/usr/local/Cellar/node/4.2.1/bin/node',
1 verbose cli   '/usr/local/bin/npm',
1 verbose cli   'install',
1 verbose cli   'chart.horizontalbar' ]
2 info using npm@2.14.7
3 info using node@v4.2.1
4 verbose install initial load of /Users/stanleystevens/develop/activity-tracking/package.json
5 warn package.json activity-tracking@1.0.0 No repository field.
6 verbose installManyTop reading scoped package data from /Users/stanleystevens/develop/activity-tracking/node_modules/body-parser/package.json
7 verbose installManyTop reading scoped package data from /Users/stanleystevens/develop/activity-tracking/node_modules/chai/package.json
8 verbose installManyTop reading scoped package data from /Users/stanleystevens/develop/activity-tracking/node_modules/chart.js/package.json
9 verbose installManyTop reading scoped package data from /Users/stanleystevens/develop/activity-tracking/node_modules/cookie-parser/package.json
10 verbose installManyTop reading scoped package data from /Users/stanleystevens/develop/activity-tracking/node_modules/d3/package.json
11 verbose installManyTop reading scoped package data from /Users/stanleystevens/develop/activity-tracking/node_modules/express/package.json
12 verbose installManyTop reading scoped package data from /Users/stanleystevens/develop/activity-tracking/node_modules/express-flash/package.json
13 verbose installManyTop reading scoped package data from /Users/stanleystevens/develop/activity-tracking/node_modules/express-session/package.json
14 verbose installManyTop reading scoped package data from /Users/stanleystevens/develop/activity-tracking/node_modules/fast-csv/package.json
15 verbose installManyTop reading scoped package data from /Users/stanleystevens/develop/activity-tracking/node_modules/hbs/package.json
16 verbose installManyTop reading scoped package data from /Users/stanleystevens/develop/activity-tracking/node_modules/jQuery/package.json
17 verbose installManyTop reading scoped package data from /Users/stanleystevens/develop/activity-tracking/node_modules/jsdom/package.json
18 verbose installManyTop reading scoped package data from /Users/stanleystevens/develop/activity-tracking/node_modules/mocha/package.json
19 verbose installManyTop reading scoped package data from /Users/stanleystevens/develop/activity-tracking/node_modules/mongoose/package.json
20 verbose installManyTop reading scoped package data from /Users/stanleystevens/develop/activity-tracking/node_modules/passport/package.json
21 verbose installManyTop reading scoped package data from /Users/stanleystevens/develop/activity-tracking/node_modules/passport-local/package.json
22 verbose installManyTop reading scoped package data from /Users/stanleystevens/develop/activity-tracking/node_modules/passport-local-mongoose/package.json
23 verbose installManyTop reading scoped package data from /Users/stanleystevens/develop/activity-tracking/node_modules/save/package.json
24 verbose installManyTop reading scoped package data from /Users/stanleystevens/develop/activity-tracking/node_modules/xmlhttprequest/package.json
25 info package.json express-flash@0.0.2 No license field.
26 info package.json passport-local@1.0.0 No license field.
27 info package.json chart.js@1.0.2 No license field.
28 info package.json jQuery@1.7.4 No license field.
29 info package.json save@2.1.1 No license field.
30 verbose readDependencies loading dependencies from /Users/stanleystevens/develop/activity-tracking/package.json
31 silly cache add args [ 'chart.horizontalbar', null ]
32 verbose cache add spec chart.horizontalbar
33 silly cache add parsed spec Result {
33 silly cache add   raw: 'chart.horizontalbar',
33 silly cache add   scope: null,
33 silly cache add   name: 'chart.horizontalbar',
33 silly cache add   rawSpec: '',
33 silly cache add   spec: '*',
33 silly cache add   type: 'range' }
34 silly addNamed chart.horizontalbar@*
35 verbose addNamed "*" is a valid semver range for chart.horizontalbar
36 silly addNameRange { name: 'chart.horizontalbar', range: '*', hasData: false }
37 silly mapToRegistry name chart.horizontalbar
38 silly mapToRegistry using default registry
39 silly mapToRegistry registry https://registry.npmjs.org/
40 silly mapToRegistry uri https://registry.npmjs.org/chart.horizontalbar
41 verbose addNameRange registry:https://registry.npmjs.org/chart.horizontalbar not in flight; fetching
42 verbose request uri https://registry.npmjs.org/chart.horizontalbar
43 verbose request no auth needed
44 info attempt registry request try #1 at 11:13:14 PM
45 verbose request id 47b39234baafbf51
46 http request GET https://registry.npmjs.org/chart.horizontalbar
47 http 404 https://registry.npmjs.org/chart.horizontalbar
48 verbose headers { 'content-type': 'application/json',
48 verbose headers   'cache-control': 'max-age=0',
48 verbose headers   'content-length': '2',
48 verbose headers   'accept-ranges': 'bytes',
48 verbose headers   date: 'Tue, 26 Jan 2016 07:13:14 GMT',
48 verbose headers   via: '1.1 varnish',
48 verbose headers   age: '0',
48 verbose headers   connection: 'keep-alive',
48 verbose headers   'x-served-by': 'cache-lax1428-LAX',
48 verbose headers   'x-cache': 'MISS',
48 verbose headers   'x-cache-hits': '0',
48 verbose headers   'x-timer': 'S1453792394.838192,VS0,VE50' }
49 silly get cb [ 404,
49 silly get   { 'content-type': 'application/json',
49 silly get     'cache-control': 'max-age=0',
49 silly get     'content-length': '2',
49 silly get     'accept-ranges': 'bytes',
49 silly get     date: 'Tue, 26 Jan 2016 07:13:14 GMT',
49 silly get     via: '1.1 varnish',
49 silly get     age: '0',
49 silly get     connection: 'keep-alive',
49 silly get     'x-served-by': 'cache-lax1428-LAX',
49 silly get     'x-cache': 'MISS',
49 silly get     'x-cache-hits': '0',
49 silly get     'x-timer': 'S1453792394.838192,VS0,VE50' } ]
50 verbose stack Error: Registry returned 404 for GET on https://registry.npmjs.org/chart.horizontalbar
50 verbose stack     at makeError (/usr/local/lib/node_modules/npm/node_modules/npm-registry-client/lib/request.js:264:12)
50 verbose stack     at CachingRegistryClient.<anonymous> (/usr/local/lib/node_modules/npm/node_modules/npm-registry-client/lib/request.js:242:14)
50 verbose stack     at Request._callback (/usr/local/lib/node_modules/npm/node_modules/npm-registry-client/lib/request.js:172:14)
50 verbose stack     at Request.self.callback (/usr/local/lib/node_modules/npm/node_modules/request/request.js:198:22)
50 verbose stack     at emitTwo (events.js:87:13)
50 verbose stack     at Request.emit (events.js:172:7)
50 verbose stack     at Request.<anonymous> (/usr/local/lib/node_modules/npm/node_modules/request/request.js:1063:14)
50 verbose stack     at emitOne (events.js:82:20)
50 verbose stack     at Request.emit (events.js:169:7)
50 verbose stack     at IncomingMessage.<anonymous> (/usr/local/lib/node_modules/npm/node_modules/request/request.js:1009:12)
51 verbose statusCode 404
52 verbose pkgid chart.horizontalbar
53 verbose cwd /Users/stanleystevens/develop/activity-tracking
54 error Darwin 14.3.0
55 error argv "/usr/local/Cellar/node/4.2.1/bin/node" "/usr/local/bin/npm" "install" "chart.horizontalbar"
56 error node v4.2.1
57 error npm  v2.14.7
58 error code E404
59 error 404 Registry returned 404 for GET on https://registry.npmjs.org/chart.horizontalbar
59 error 404
59 error 404 'chart.horizontalbar' is not in the npm registry.
59 error 404 You should bug the author to publish it (or use the name yourself!)
59 error 404 It was specified as a dependency of 'activity-tracking'
59 error 404
59 error 404 Note that you can also install from a
59 error 404 tarball, folder, http url, or git url.
60 verbose exit [ 1, true ]
